2025-09-16 14:11:52,523 - src.scheduler.runner - INFO - Scheduler logging configured
2025-09-16 14:11:52,524 - apscheduler.scheduler - INFO - Adding job tentatively -- it will be properly scheduled when the scheduler starts
2025-09-16 14:11:52,524 - apscheduler.scheduler - INFO - Adding job tentatively -- it will be properly scheduled when the scheduler starts
2025-09-16 14:11:52,524 - apscheduler.scheduler - INFO - Adding job tentatively -- it will be properly scheduled when the scheduler starts
2025-09-16 14:11:52,524 - apscheduler.scheduler - INFO - Adding job tentatively -- it will be properly scheduled when the scheduler starts
2025-09-16 14:11:52,524 - src.scheduler.runner - INFO - Scheduled jobs added to scheduler
2025-09-16 14:11:52,525 - src.scheduler.runner - INFO - Starting daily change detection job
2025-09-16 14:11:52,525 - src.scheduler.runner - WARNING - ALERT: 1 new books detected!
2025-09-16 14:11:52,525 - src.scheduler.runner - WARNING - ALERT: 1 books updated!
2025-09-16 14:11:52,525 - src.scheduler.runner - WARNING - NEW BOOK: New Book
2025-09-16 14:11:52,525 - src.scheduler.runner - WARNING - UPDATED BOOK: http://example.com/book - price: 10.00 -> 12.00
2025-09-16 14:11:52,526 - src.scheduler.runner - INFO - Starting daily report generation
2025-09-16 14:11:52,527 - src.scheduler.runner - INFO - Daily report saved to reports/daily_report_2025-09-15.json
2025-09-16 14:11:52,527 - src.scheduler.runner - INFO - Report summary: 5 total changes
2025-09-16 14:11:52,528 - src.scheduler.runner - INFO - Starting weekly full crawl
2025-09-16 14:11:52,528 - src.scheduler.runner - INFO - Weekly crawl completed:
2025-09-16 14:11:52,528 - src.scheduler.runner - INFO -   - Books found: 1000
2025-09-16 14:11:52,528 - src.scheduler.runner - INFO -   - Books crawled: 995
2025-09-16 14:11:52,528 - src.scheduler.runner - INFO -   - Books failed: 5
2025-09-16 14:11:52,528 - src.scheduler.runner - INFO -   - Duration: -1 day, 23:59:59.999996
2025-09-16 14:11:52,562 - src.scheduler.runner - INFO - Running manual change detection
2025-09-16 14:11:52,563 - src.scheduler.runner - INFO - Running manual report generation for 2025-09-16
2025-09-16 14:11:52,563 - src.scheduler.runner - INFO - Manual report saved to reports/manual_report_2025-09-16.json
2025-09-16 14:14:04,990 - src.scheduler.runner - INFO - Scheduler logging configured
2025-09-16 14:14:04,991 - apscheduler.scheduler - INFO - Adding job tentatively -- it will be properly scheduled when the scheduler starts
2025-09-16 14:14:04,991 - apscheduler.scheduler - INFO - Adding job tentatively -- it will be properly scheduled when the scheduler starts
2025-09-16 14:14:04,991 - apscheduler.scheduler - INFO - Adding job tentatively -- it will be properly scheduled when the scheduler starts
2025-09-16 14:14:04,991 - apscheduler.scheduler - INFO - Adding job tentatively -- it will be properly scheduled when the scheduler starts
2025-09-16 14:14:04,991 - src.scheduler.runner - INFO - Scheduled jobs added to scheduler
2025-09-16 14:14:04,992 - src.scheduler.runner - INFO - Starting daily change detection job
2025-09-16 14:14:04,992 - src.scheduler.runner - WARNING - ALERT: 1 new books detected!
2025-09-16 14:14:04,992 - src.scheduler.runner - WARNING - ALERT: 1 books updated!
2025-09-16 14:14:04,993 - src.scheduler.runner - WARNING - NEW BOOK: <MagicMock name='mock.field_changes.get().get()' id='4360977584'>
2025-09-16 14:14:04,994 - src.scheduler.runner - INFO - Starting daily report generation
2025-09-16 14:14:04,995 - src.scheduler.runner - INFO - Daily report saved to reports/daily_report_2025-09-15.json
2025-09-16 14:14:04,995 - src.scheduler.runner - INFO - Report summary: 5 total changes
2025-09-16 14:14:04,996 - src.scheduler.runner - INFO - Starting weekly full crawl
2025-09-16 14:14:04,997 - src.scheduler.runner - INFO - Weekly crawl completed:
2025-09-16 14:14:04,997 - src.scheduler.runner - INFO -   - Books found: 1000
2025-09-16 14:14:04,997 - src.scheduler.runner - INFO -   - Books crawled: 995
2025-09-16 14:14:04,997 - src.scheduler.runner - INFO -   - Books failed: 5
2025-09-16 14:14:04,997 - src.scheduler.runner - INFO -   - Duration: -1 day, 23:59:59.999996
2025-09-16 14:14:04,999 - src.scheduler.runner - INFO - Running manual change detection
2025-09-16 14:14:05,000 - src.scheduler.runner - INFO - Running manual report generation for 2025-09-16
2025-09-16 14:14:05,001 - src.scheduler.runner - INFO - Manual report saved to reports/manual_report_2025-09-16.json
2025-09-16 14:14:26,886 - src.scheduler.runner - INFO - Scheduler logging configured
2025-09-16 14:14:26,887 - apscheduler.scheduler - INFO - Adding job tentatively -- it will be properly scheduled when the scheduler starts
2025-09-16 14:14:26,887 - apscheduler.scheduler - INFO - Adding job tentatively -- it will be properly scheduled when the scheduler starts
2025-09-16 14:14:26,887 - apscheduler.scheduler - INFO - Adding job tentatively -- it will be properly scheduled when the scheduler starts
2025-09-16 14:14:26,887 - apscheduler.scheduler - INFO - Adding job tentatively -- it will be properly scheduled when the scheduler starts
2025-09-16 14:14:26,887 - src.scheduler.runner - INFO - Scheduled jobs added to scheduler
